<?xml version="1.0" encoding="UTF-8"?>
<testsuite xmlns:xsi="http://www.w3.org/2001/XMLSchema-instance" xsi:noNamespaceSchemaLocation="https://maven.apache.org/surefire/maven-surefire-plugin/xsd/surefire-test-report.xsd" name="PokerGameTests" time="0.025" tests="14" errors="0" skipped="0" failures="0">
  <properties>
[...]
</properties>
  <testcase name="foldRoundNoPairPlusTest" classname="PokerGameTests" time="0.014"/>
  <testcase name="foldRoundPairPlusTest" classname="PokerGameTests" time="0"/>
  <testcase name="playRoundPlayerTiesTest" classname="PokerGameTests" time="0.001"/>
  <testcase name="playRoundPlayerLosesTest" classname="PokerGameTests" time="0.001"/>
  <testcase name="dealerQualifiesQueenHighTest" classname="PokerGameTests" time="0"/>
  <testcase name="playRoundPlayerWinsTest" classname="PokerGameTests" time="0.001"/>
  <testcase name="pairPlusLosesTest" classname="PokerGameTests" time="0"/>
  <testcase name="resetGameTest" classname="PokerGameTests" time="0.001"/>
  <testcase name="pairPlusNoBetTest" classname="PokerGameTests" time="0"/>
  <testcase name="dealerQualifiesPairTest" classname="PokerGameTests" time="0"/>
  <testcase name="playRoundNotQualifiedTest" classname="PokerGameTests" time="0"/>
  <testcase name="pairPlusPairWinsTest" classname="PokerGameTests" time="0.001"/>
  <testcase name="dealerDoesNotQualifyTest" classname="PokerGameTests" time="0"/>
  <testcase name="pairPlusStraightWinsTest" classname="PokerGameTests" time="0.001"/>
</testsuite>